<?xml version="1.0" encoding="UTF-8"?>
<!-- Generated by org.testng.reporters.JUnitReportReporter -->
<testsuite skipped="0" hostname="LAPTOP-2NCT89FI" name="Academy.HomePage" tests="2" failures="0" timestamp="2020-03-31T16:52:40 IST" time="25.869" errors="0">
  <testcase name="basePageNavigation" time="8.344" classname="Academy.HomePage"/>
  <system-out/>
  <testcase name="basePageNavigation" time="17.525" classname="Academy.HomePage"/>
  <system-out/>
</testsuite> <!-- Academy.HomePage -->
