<?xml version="1.0" encoding="UTF-8"?>
<!-- Generated by org.testng.reporters.JUnitReportReporter -->
<testsuite skipped="0" hostname="LAPTOP-2NCT89FI" name="Academy.HomePage" tests="2" failures="0" timestamp="2020-03-31T17:20:42 IST" time="29.270" errors="0">
  <testcase name="basePageNavigation" time="20.816" classname="Academy.HomePage"/>
  <system-out/>
  <testcase name="basePageNavigation" time="8.454" classname="Academy.HomePage"/>
  <system-out/>
</testsuite> <!-- Academy.HomePage -->
