<?xml version="1.0" encoding="UTF-8"?>
<!-- Generated by org.testng.reporters.JUnitReportReporter -->
<testsuite skipped="0" hostname="LAPTOP-2NCT89FI" name="Academy.validateTitle" tests="1" failures="0" timestamp="2020-03-31T17:20:42 IST" time="0.063" errors="0">
  <testcase name="validateAppTitle" time="0.063" classname="Academy.validateTitle"/>
  <system-out/>
</testsuite> <!-- Academy.validateTitle -->
